
> @aura-flow/web@1.0.0 build C:\Repos\Nakoliss\Webapps\AuraFlow\apps\web
> astro build

15:02:11 [WARN] [vite] [33m(!) Experimental optimizeDeps.disabled and deps pre-bundling during build were removed in Vite 5.1.
    To disable the deps optimizer, set optimizeDeps.noDiscovery to true and optimizeDeps.include as undefined or empty.
    Please remove optimizeDeps.disabled from your config.
    
  [39m
15:02:11 [build] output: "static"
15:02:11 [build] directory: C:\Repos\Nakoliss\Webapps\AuraFlow\apps\web\dist\
15:02:11 [build] Collecting build info...
15:02:11 [build] ✓ Completed in 34ms.
15:02:11 [build] Building static entrypoints...
15:02:12 [vite] [32m✓ built in 371ms[39m
15:02:12 [build] ✓ Completed in 404ms.

 building client (vite) 
15:02:12 [vite] transforming...
15:02:12 [vite] [32m✓[39m 23 modules transformed.
15:02:12 [vite] rendering chunks...
15:02:12 [vite] computing gzip size...
15:02:12 [vite] [2mdist/[22m[36m_astro/client.tz_FZDjw.js  [39m[1m[2m141.68 kB[22m[1m[22m[2m │ gzip: 45.64 kB[22m
15:02:12 [vite] [32m✓ built in 402ms[39m

 generating static routes 
15:02:12 ▶ src/pages/index.astro
15:02:12   └─ /index.html (+4ms)
15:02:12 ✓ Completed in 15ms.

15:02:12 [build] 1 page(s) built in 874ms
15:02:12 [build] Complete!
